This is pdfTeX, Version 3.14159265-2.6-1.40.19 (MiKTeX 2.9.6630 64-bit) (preloaded format=pdflatex 2018.5.19)  19 MAY 2018 16:13
entering extended mode
**./Title.tex
(Title.tex
LaTeX2e <2017-04-15>
Babel <3.18> and hyphenation patterns for 75 language(s) loaded.

! LaTeX Error: Environment titlepage undefined.

See the LaTeX manual or LaTeX Companion for explanation.
Type  H <return>  for immediate help.
 ...                                              
                                                  
l.1 \begin{titlepage}
                     
Your command was ignored.
Type  I <command> <return>  to replace it with another command,
or  <return>  to continue without it.


! Package babel Error: Unknown language `english'. Either you have
(babel)                misspelled its name, it has not been installed,
(babel)                or you requested it in a previous run. Fix its name,
(babel)                install it or just rerun the file, respectively.

See the babel package documentation for explanation.
Type  H <return>  for immediate help.
 ...                                              
                                                  
l.2 \selectlanguage{english}
                            
You may proceed, but expect wrong results


! LaTeX Error: Missing \begin{document}.

See the LaTeX manual or LaTeX Companion for explanation.
Type  H <return>  for immediate help.
 ...                                              
                                                  
l.7   \begin{center}
                     % Center everything on the page
You're in trouble here.  Try typing  <return>  to proceed.
If that doesn't work, type  X <return>  to quit.


Overfull \hbox (20.0pt too wide) in paragraph at lines 7--7
[] 
 []


! LaTeX Error: Environment figure undefined.

See the LaTeX manual or LaTeX Companion for explanation.
Type  H <return>  for immediate help.
 ...                                              
                                                  
l.9 \begin{figure}
                  [!h]
Your command was ignored.
Type  I <command> <return>  to replace it with another command,
or  <return>  to continue without it.

Missing character: There is no [ in font nullfont!
Missing character: There is no ! in font nullfont!
Missing character: There is no h in font nullfont!
Missing character: There is no ] in font nullfont!
! Undefined control sequence.
l.11 	\includegraphics
                      [scale=0.35]{logo.png}
The control sequence at the end of the top line
of your error message was never \def'ed. If you have
misspelled it (e.g., `\hobx'), type `I' and the correct
spelling (e.g., `I\hbox'). Otherwise just continue,
and I'll forget about whatever was undefined.

Missing character: There is no [ in font nullfont!
Missing character: There is no s in font nullfont!
Missing character: There is no c in font nullfont!
Missing character: There is no a in font nullfont!
Missing character: There is no l in font nullfont!
Missing character: There is no e in font nullfont!
Missing character: There is no = in font nullfont!
Missing character: There is no 0 in font nullfont!
Missing character: There is no . in font nullfont!
Missing character: There is no 3 in font nullfont!
Missing character: There is no 5 in font nullfont!
Missing character: There is no ] in font nullfont!
Missing character: There is no l in font nullfont!
Missing character: There is no o in font nullfont!
Missing character: There is no g in font nullfont!
Missing character: There is no o in font nullfont!
Missing character: There is no . in font nullfont!
Missing character: There is no p in font nullfont!
Missing character: There is no n in font nullfont!
Missing character: There is no g in font nullfont!

! LaTeX Error: \begin{center} on input line 7 ended by \end{figure}.

See the LaTeX manual or LaTeX Companion for explanation.
Type  H <return>  for immediate help.
 ...                                              
                                                  
l.12 \end{figure}
                 
Your command was ignored.
Type  I <command> <return>  to replace it with another command,
or  <return>  to continue without it.

! Undefined control sequence.
<recently read> \large 
                       
l.18 ...istry of Education of Republic of Moldova}
                                                  \\[0.5cm]
The control sequence at the end of the top line
of your error message was never \def'ed. If you have
misspelled it (e.g., `\hobx'), type `I' and the correct
spelling (e.g., `I\hbox'). Otherwise just continue,
and I'll forget about whatever was undefined.


Overfull \hbox (44.04416pt too wide) in paragraph at lines 18--18
 []\OT1/cmr/m/sc/10 Ministry 
 []


Overfull \hbox (11.71107pt too wide) in paragraph at lines 18--18
 \OT1/cmr/m/sc/10 of 
 []


Overfull \hbox (17.43875pt too wide) in paragraph at lines 18--18
 \OT1/cmr/m/sc/10 Ed- 
 []


Overfull \hbox (9.91106pt too wide) in paragraph at lines 18--18
 \OT1/cmr/m/sc/10 u- 
 []


Overfull \hbox (15.82213pt too wide) in paragraph at lines 18--18
 \OT1/cmr/m/sc/10 ca- 
 []


Overfull \hbox (21.42212pt too wide) in paragraph at lines 18--18
 \OT1/cmr/m/sc/10 tion 
 []


Overfull \hbox (11.71107pt too wide) in paragraph at lines 18--18
 \OT1/cmr/m/sc/10 of 
 []


Overfull \hbox (17.35541pt too wide) in paragraph at lines 18--18
 \OT1/cmr/m/sc/10 Re- 
 []


Overfull \hbox (21.28879pt too wide) in paragraph at lines 18--18
 \OT1/cmr/m/sc/10 pub- 
 []


Overfull \hbox (14.06657pt too wide) in paragraph at lines 18--18
 \OT1/cmr/m/sc/10 lic 
 []


Overfull \hbox (11.71107pt too wide) in paragraph at lines 18--18
 \OT1/cmr/m/sc/10 of 
 []


Overfull \hbox (45.13309pt too wide) in paragraph at lines 18--18
 \OT1/cmr/m/sc/10 Moldova 
 []

! Undefined control sequence.
<recently read> \large 
                       
l.19 ...sc{\large Technical University of Moldova}
                                                  \\[0.5cm]
The control sequence at the end of the top line
of your error message was never \def'ed. If you have
misspelled it (e.g., `\hobx'), type `I' and the correct
spelling (e.g., `I\hbox'). Otherwise just continue,
and I'll forget about whatever was undefined.


Overfull \hbox (51.81638pt too wide) in paragraph at lines 19--19
 []\OT1/cmr/m/sc/10 Technical 
 []


Overfull \hbox (21.07207pt too wide) in paragraph at lines 19--19
 \OT1/cmr/m/sc/10 Uni- 
 []


Overfull \hbox (21.511pt too wide) in paragraph at lines 19--19
 \OT1/cmr/m/sc/10 ver- 
 []


Overfull \hbox (19.64435pt too wide) in paragraph at lines 19--19
 \OT1/cmr/m/sc/10 sity 
 []


Overfull \hbox (11.71107pt too wide) in paragraph at lines 19--19
 \OT1/cmr/m/sc/10 of 
 []


Overfull \hbox (45.13309pt too wide) in paragraph at lines 19--19
 \OT1/cmr/m/sc/10 Moldova 
 []

! Undefined control sequence.
<recently read> \large 
                       
l.20 ...mputers, Informatics and Microelectronics}
                                                  \\[0.5cm]
The control sequence at the end of the top line
of your error message was never \def'ed. If you have
misspelled it (e.g., `\hobx'), type `I' and the correct
spelling (e.g., `I\hbox'). Otherwise just continue,
and I'll forget about whatever was undefined.


Overfull \hbox (40.42474pt too wide) in paragraph at lines 20--20
 []\OT1/cmr/m/sc/10 Faculty 
 []


Overfull \hbox (11.71107pt too wide) in paragraph at lines 20--20
 \OT1/cmr/m/sc/10 of 
 []


Overfull \hbox (25.46094pt too wide) in paragraph at lines 20--20
 \OT1/cmr/m/sc/10 Com- 
 []


Overfull \hbox (21.39987pt too wide) in paragraph at lines 20--20
 \OT1/cmr/m/sc/10 put- 
 []


Overfull \hbox (19.3721pt too wide) in paragraph at lines 20--20
 \OT1/cmr/m/sc/10 ers, 
 []


Overfull \hbox (13.96655pt too wide) in paragraph at lines 20--20
 \OT1/cmr/m/sc/10 In- 
 []


Overfull \hbox (21.28879pt too wide) in paragraph at lines 20--20
 \OT1/cmr/m/sc/10 for- 
 []


Overfull \hbox (22.62207pt too wide) in paragraph at lines 20--20
 \OT1/cmr/m/sc/10 mat- 
 []


Overfull \hbox (13.51103pt too wide) in paragraph at lines 20--20
 \OT1/cmr/m/sc/10 ics 
 []


Overfull \hbox (18.51106pt too wide) in paragraph at lines 20--20
 \OT1/cmr/m/sc/10 and 
 []


Overfull \hbox (16.68872pt too wide) in paragraph at lines 20--20
 \OT1/cmr/m/sc/10 Mi- 
 []


Overfull \hbox (21.84431pt too wide) in paragraph at lines 20--20
 \OT1/cmr/m/sc/10 cro- 
 []


Overfull \hbox (25.9776pt too wide) in paragraph at lines 20--20
 \OT1/cmr/m/sc/10 elec- 
 []


Overfull \hbox (27.97763pt too wide) in paragraph at lines 20--20
 \OT1/cmr/m/sc/10 tron- 
 []


Overfull \hbox (13.51103pt too wide) in paragraph at lines 20--20
 \OT1/cmr/m/sc/10 ics 
 []

! Undefined control sequence.
<recently read> \large 
                       
l.21   \textsc{\large Computer Science}
                                       \\[0.5cm]
The control sequence at the end of the top line
of your error message was never \def'ed. If you have
misspelled it (e.g., `\hobx'), type `I' and the correct
spelling (e.g., `I\hbox'). Otherwise just continue,
and I'll forget about whatever was undefined.


Overfull \hbox (50.90527pt too wide) in paragraph at lines 21--21
 []\OT1/cmr/m/sc/10 Computer 
 []


Overfull \hbox (18.82205pt too wide) in paragraph at lines 21--21
 \OT1/cmr/m/sc/10 Sci- 
 []


Overfull \hbox (23.19987pt too wide) in paragraph at lines 21--21
 \OT1/cmr/m/sc/10 ence 
 []

! Undefined control sequence.
<recently read> \Large 
                       
l.24   \textsc{\Large SAS}
                          \\[0.5cm] % Major heading such as course name
The control sequence at the end of the top line
of your error message was never \def'ed. If you have
misspelled it (e.g., `\hobx'), type `I' and the correct
spelling (e.g., `I\hbox'). Otherwise just continue,
and I'll forget about whatever was undefined.


Overfull \hbox (20.36089pt too wide) in paragraph at lines 24--24
 []\OT1/cmr/m/sc/10 SAS 
 []

! Undefined control sequence.
<recently read> \large 
                       
l.25   \textsc{\large Laboratory work \#7}
                                          \\[0.5cm] % Minor heading such as ...
The control sequence at the end of the top line
of your error message was never \def'ed. If you have
misspelled it (e.g., `\hobx'), type `I' and the correct
spelling (e.g., `I\hbox'). Otherwise just continue,
and I'll forget about whatever was undefined.


Overfull \hbox (60.36636pt too wide) in paragraph at lines 25--25
 []\OT1/cmr/m/sc/10 Laboratory 
 []


Overfull \hbox (26.86656pt too wide) in paragraph at lines 25--25
 \OT1/cmr/m/sc/10 work 
 []


Overfull \hbox (14.5554pt too wide) in paragraph at lines 25--25
 \OT1/cmr/m/sc/10 #7 
 []

! Undefined control sequence.
l.35   { \LARGE
                \bfseries Diagrams, schemas and synonyms}\\[0.4cm] % Title o...
The control sequence at the end of the top line
of your error message was never \def'ed. If you have
misspelled it (e.g., `\hobx'), type `I' and the correct
spelling (e.g., `I\hbox'). Otherwise just continue,
and I'll forget about whatever was undefined.


Overfull \hbox (50.99413pt too wide) in paragraph at lines 35--35
 []\OT1/cmr/bx/n/10 Diagrams, 
 []


Overfull \hbox (40.69696pt too wide) in paragraph at lines 35--35
 \OT1/cmr/bx/n/10 schemas 
 []


Overfull \hbox (18.36794pt too wide) in paragraph at lines 35--35
 \OT1/cmr/bx/n/10 and 
 []


Overfull \hbox (20.82765pt too wide) in paragraph at lines 35--35
 \OT1/cmr/bx/n/10 syn- 
 []


Overfull \hbox (32.00815pt too wide) in paragraph at lines 35--35
 \OT1/cmr/bx/n/10 onyms 
 []

! Undefined control sequence.
l.44       \begin{flushleft} \large
                                   
The control sequence at the end of the top line
of your error message was never \def'ed. If you have
misspelled it (e.g., `\hobx'), type `I' and the correct
spelling (e.g., `I\hbox'). Otherwise just continue,
and I'll forget about whatever was undefined.

Missing character: There is no V in font nullfont!
Missing character: There is no i in font nullfont!
Missing character: There is no c in font nullfont!
Missing character: There is no t in font nullfont!
Missing character: There is no o in font nullfont!
Missing character: There is no r in font nullfont!
LaTeX Font Info:    External font `cmex10' loaded for size
(Font)              <7> on input line 48.
LaTeX Font Info:    External font `cmex10' loaded for size
(Font)              <5> on input line 48.
! Undefined control sequence.
l.51       \begin{flushright} \large
                                    
The control sequence at the end of the top line
of your error message was never \def'ed. If you have
misspelled it (e.g., `\hobx'), type `I' and the correct
spelling (e.g., `I\hbox'). Otherwise just continue,
and I'll forget about whatever was undefined.

Missing character: There is no I in font nullfont!
Missing character: There is no r in font nullfont!
Missing character: There is no i in font nullfont!
Missing character: There is no n in font nullfont!
Missing character: There is no a in font nullfont!

Overfull \hbox (3276.74998pt too wide) in paragraph at lines 43--55
 []$[]$ 
 []


Overfull \hbox (3276.74998pt too wide) in paragraph at lines 43--55
 []$ 
 []

! Undefined control sequence.
l.59       \large
                  ChiÈ™inÄƒu - 2018
The control sequence at the end of the top line
of your error message was never \def'ed. If you have
misspelled it (e.g., `\hobx'), type `I' and the correct
spelling (e.g., `I\hbox'). Otherwise just continue,
and I'll forget about whatever was undefined.

Missing character: There is no C in font nullfont!
Missing character: There is no h in font nullfont!
Missing character: There is no i in font nullfont!
Missing character: There is no È in font nullfont!
Missing character: There is no ™ in font nullfont!
Missing character: There is no i in font nullfont!
Missing character: There is no n in font nullfont!
Missing character: There is no Ä in font nullfont!
Missing character: There is no ƒ in font nullfont!
Missing character: There is no u in font nullfont!
Missing character: There is no - in font nullfont!
Missing character: There is no 2 in font nullfont!
Missing character: There is no 0 in font nullfont!
Missing character: There is no 1 in font nullfont!
Missing character: There is no 8 in font nullfont!

! LaTeX Error: \begin{document} ended by \end{titlepage}.

See the LaTeX manual or LaTeX Companion for explanation.
Type  H <return>  for immediate help.
 ...                                              
                                                  
l.81 \end{titlepage}
                    
Your command was ignored.
Type  I <command> <return>  to replace it with another command,
or  <return>  to continue without it.


! Package babel Error: Unknown language `english'. Either you have
(babel)                misspelled its name, it has not been installed,
(babel)                or you requested it in a previous run. Fix its name,
(babel)                install it or just rerun the file, respectively.

See the babel package documentation for explanation.
Type  H <return>  for immediate help.
 ...                                              
                                                  
l.81 \end{titlepage}
                    
You may proceed, but expect wrong results

)
! Emergency stop.
<*> ./Title.tex
               
*** (job aborted, no legal \end found)

 
Here is how much of TeX's memory you used:
 23 strings out of 493305
 276 string characters out of 3138880
 55825 words of memory out of 3000000
 3672 multiletter control sequences out of 15000+200000
 4595 words of font info for 17 fonts, out of 3000000 for 9000
 1141 hyphenation exceptions out of 8191
 20i,3n,18p,137b,234s stack positions out of 5000i,500n,10000p,200000b,50000s
!  ==> Fatal error occurred, no output PDF file produced!
