This is pdfTeX, Version 3.14159265-2.6-1.40.16 (TeX Live 2015/Debian) (preloaded format=pdflatex 2017.9.26)  16 OCT 2017 20:48
entering extended mode
 restricted \write18 enabled.
 %&-line parsing enabled.
**Title.tex
(./Title.tex
LaTeX2e <2016/02/01>
Babel <3.9q> and hyphenation patterns for 81 language(s) loaded.

! LaTeX Error: Environment titlepage undefined.

See the LaTeX manual or LaTeX Companion for explanation.
Type  H <return>  for immediate help.
 ...                                              
                                                  
l.1 \begin{titlepage}
                     
Your command was ignored.
Type  I <command> <return>  to replace it with another command,
or  <return>  to continue without it.


! Package babel Error: Unknown language `english'. Either you have
(babel)                misspelled its name, it has not been installed,
(babel)                or you requested it in a previous run. Fix its name,
(babel)                install it or just rerun the file, respectively.

See the babel package documentation for explanation.
Type  H <return>  for immediate help.
 ...                                              
                                                  
l.2 \selectlanguage{english}
                            
You may proceed, but expect unexpected results


! LaTeX Error: Missing \begin{document}.

See the LaTeX manual or LaTeX Companion for explanation.
Type  H <return>  for immediate help.
 ...                                              
                                                  
l.7   \begin{center}
                     % Center everything on the page
You're in trouble here.  Try typing  <return>  to proceed.
If that doesn't work, type  X <return>  to quit.


Overfull \hbox (20.0pt too wide) in paragraph at lines 7--7
[] 
 []


! LaTeX Error: Environment figure undefined.

See the LaTeX manual or LaTeX Companion for explanation.
Type  H <return>  for immediate help.
 ...                                              
                                                  
l.9 \begin{figure}
                  [!h]
Your command was ignored.
Type  I <command> <return>  to replace it with another command,
or  <return>  to continue without it.

Missing character: There is no [ in font nullfont!
Missing character: There is no ! in font nullfont!
Missing character: There is no h in font nullfont!
Missing character: There is no ] in font nullfont!
! Undefined control sequence.
l.11 	\includegraphics
                      [scale=0.35]{logo.png}
The control sequence at the end of the top line
of your error message was never \def'ed. If you have
misspelled it (e.g., `\hobx'), type `I' and the correct
spelling (e.g., `I\hbox'). Otherwise just continue,
and I'll forget about whatever was undefined.

Missing character: There is no [ in font nullfont!
Missing character: There is no s in font nullfont!
Missing character: There is no c in font nullfont!
Missing character: There is no a in font nullfont!
Missing character: There is no l in font nullfont!
Missing character: There is no e in font nullfont!
Missing character: There is no = in font nullfont!
Missing character: There is no 0 in font nullfont!
Missing character: There is no . in font nullfont!
Missing character: There is no 3 in font nullfont!
Missing character: There is no 5 in font nullfont!
Missing character: There is no ] in font nullfont!
Missing character: There is no l in font nullfont!
Missing character: There is no o in font nullfont!
Missing character: There is no g in font nullfont!
Missing character: There is no o in font nullfont!
Missing character: There is no . in font nullfont!
Missing character: There is no p in font nullfont!
Missing character: There is no n in font nullfont!
Missing character: There is no g in font nullfont!

! LaTeX Error: \begin{center} on input line 7 ended by \end{figure}.

See the LaTeX manual or LaTeX Companion for explanation.
Type  H <return>  for immediate help.
 ...                                              
                                                  
l.12 \end{figure}
                 
Your command was ignored.
Type  I <command> <return>  to replace it with another command,
or  <return>  to continue without it.

! Undefined control sequence.
<recently read> \large 
                       
l.18 ...istry of Education of Republic of Moldova}
                                                  \\[0.5cm]
The control sequence at the end of the top line
of your error message was never \def'ed. If you have
misspelled it (e.g., `\hobx'), type `I' and the correct
spelling (e.g., `I\hbox'). Otherwise just continue,
and I'll forget about whatever was undefined.


Overfull \hbox (44.04416pt too wide) in paragraph at lines 18--18
 []\OT1/cmr/m/sc/10 Ministry 
 []


Overfull \hbox (11.71107pt too wide) in paragraph at lines 18--18
 \OT1/cmr/m/sc/10 of 
 []


Overfull \hbox (17.43875pt too wide) in paragraph at lines 18--18
 \OT1/cmr/m/sc/10 Ed- 
 []


Overfull \hbox (9.91106pt too wide) in paragraph at lines 18--18
 \OT1/cmr/m/sc/10 u- 
 []


Overfull \hbox (15.82213pt too wide) in paragraph at lines 18--18
 \OT1/cmr/m/sc/10 ca- 
 []


Overfull \hbox (21.42212pt too wide) in paragraph at lines 18--18
 \OT1/cmr/m/sc/10 tion 
 []


Overfull \hbox (11.71107pt too wide) in paragraph at lines 18--18
 \OT1/cmr/m/sc/10 of 
 []


Overfull \hbox (17.35541pt too wide) in paragraph at lines 18--18
 \OT1/cmr/m/sc/10 Re- 
 []


Overfull \hbox (21.28879pt too wide) in paragraph at lines 18--18
 \OT1/cmr/m/sc/10 pub- 
 []


Overfull \hbox (14.06657pt too wide) in paragraph at lines 18--18
 \OT1/cmr/m/sc/10 lic 
 []


Overfull \hbox (11.71107pt too wide) in paragraph at lines 18--18
 \OT1/cmr/m/sc/10 of 
 []


Overfull \hbox (45.13309pt too wide) in paragraph at lines 18--18
 \OT1/cmr/m/sc/10 Moldova 
 []

! Undefined control sequence.
<recently read> \large 
                       
l.19 ...sc{\large Technical University of Moldova}
                                                  \\[0.5cm]
The control sequence at the end of the top line
of your error message was never \def'ed. If you have
misspelled it (e.g., `\hobx'), type `I' and the correct
spelling (e.g., `I\hbox'). Otherwise just continue,
and I'll forget about whatever was undefined.


Overfull \hbox (51.81638pt too wide) in paragraph at lines 19--19
 []\OT1/cmr/m/sc/10 Technical 
 []


Overfull \hbox (21.07207pt too wide) in paragraph at lines 19--19
 \OT1/cmr/m/sc/10 Uni- 
 []


Overfull \hbox (21.511pt too wide) in paragraph at lines 19--19
 \OT1/cmr/m/sc/10 ver- 
 []


Overfull \hbox (19.64435pt too wide) in paragraph at lines 19--19
 \OT1/cmr/m/sc/10 sity 
 []


Overfull \hbox (11.71107pt too wide) in paragraph at lines 19--19
 \OT1/cmr/m/sc/10 of 
 []


Overfull \hbox (45.13309pt too wide) in paragraph at lines 19--19
 \OT1/cmr/m/sc/10 Moldova 
 []

! Undefined control sequence.
<recently read> \large 
                       
l.20 ...mputers, Informatics and Microelectronics}
                                                  \\[0.5cm]
The control sequence at the end of the top line
of your error message was never \def'ed. If you have
misspelled it (e.g., `\hobx'), type `I' and the correct
spelling (e.g., `I\hbox'). Otherwise just continue,
and I'll forget about whatever was undefined.


Overfull \hbox (40.42474pt too wide) in paragraph at lines 20--20
 []\OT1/cmr/m/sc/10 Faculty 
 []


Overfull \hbox (11.71107pt too wide) in paragraph at lines 20--20
 \OT1/cmr/m/sc/10 of 
 []


Overfull \hbox (25.46094pt too wide) in paragraph at lines 20--20
 \OT1/cmr/m/sc/10 Com- 
 []


Overfull \hbox (21.39987pt too wide) in paragraph at lines 20--20
 \OT1/cmr/m/sc/10 put- 
 []


Overfull \hbox (19.3721pt too wide) in paragraph at lines 20--20
 \OT1/cmr/m/sc/10 ers, 
 []


Overfull \hbox (13.96655pt too wide) in paragraph at lines 20--20
 \OT1/cmr/m/sc/10 In- 
 []


Overfull \hbox (21.28879pt too wide) in paragraph at lines 20--20
 \OT1/cmr/m/sc/10 for- 
 []


Overfull \hbox (22.62207pt too wide) in paragraph at lines 20--20
 \OT1/cmr/m/sc/10 mat- 
 []


Overfull \hbox (13.51103pt too wide) in paragraph at lines 20--20
 \OT1/cmr/m/sc/10 ics 
 []


Overfull \hbox (18.51106pt too wide) in paragraph at lines 20--20
 \OT1/cmr/m/sc/10 and 
 []


Overfull \hbox (16.68872pt too wide) in paragraph at lines 20--20
 \OT1/cmr/m/sc/10 Mi- 
 []


Overfull \hbox (21.84431pt too wide) in paragraph at lines 20--20
 \OT1/cmr/m/sc/10 cro- 
 []


Overfull \hbox (25.9776pt too wide) in paragraph at lines 20--20
 \OT1/cmr/m/sc/10 elec- 
 []


Overfull \hbox (27.97763pt too wide) in paragraph at lines 20--20
 \OT1/cmr/m/sc/10 tron- 
 []


Overfull \hbox (13.51103pt too wide) in paragraph at lines 20--20
 \OT1/cmr/m/sc/10 ics 
 []

! Undefined control sequence.
<recently read> \large 
                       
l.21   \textsc{\large Computer Science}
                                       \\[0.5cm]
The control sequence at the end of the top line
of your error message was never \def'ed. If you have
misspelled it (e.g., `\hobx'), type `I' and the correct
spelling (e.g., `I\hbox'). Otherwise just continue,
and I'll forget about whatever was undefined.


Overfull \hbox (50.90527pt too wide) in paragraph at lines 21--21
 []\OT1/cmr/m/sc/10 Computer 
 []


Overfull \hbox (18.82205pt too wide) in paragraph at lines 21--21
 \OT1/cmr/m/sc/10 Sci- 
 []


Overfull \hbox (23.19987pt too wide) in paragraph at lines 21--21
 \OT1/cmr/m/sc/10 ence 
 []

! Undefined control sequence.
<recently read> \Large 
                       
l.24 ...lysis and Modeling of Information Systems}
                                                  \\[0.5cm] % Major heading ...
The control sequence at the end of the top line
of your error message was never \def'ed. If you have
misspelled it (e.g., `\hobx'), type `I' and the correct
spelling (e.g., `I\hbox'). Otherwise just continue,
and I'll forget about whatever was undefined.


Overfull \hbox (43.18309pt too wide) in paragraph at lines 24--24
 []\OT1/cmr/m/sc/10 Analysis 
 []


Overfull \hbox (18.51106pt too wide) in paragraph at lines 24--24
 \OT1/cmr/m/sc/10 and 
 []


Overfull \hbox (26.26648pt too wide) in paragraph at lines 24--24
 \OT1/cmr/m/sc/10 Mod- 
 []


Overfull \hbox (14.48878pt too wide) in paragraph at lines 24--24
 \OT1/cmr/m/sc/10 el- 
 []


Overfull \hbox (15.56659pt too wide) in paragraph at lines 24--24
 \OT1/cmr/m/sc/10 ing 
 []


Overfull \hbox (11.71107pt too wide) in paragraph at lines 24--24
 \OT1/cmr/m/sc/10 of 
 []


Overfull \hbox (13.96655pt too wide) in paragraph at lines 24--24
 \OT1/cmr/m/sc/10 In- 
 []


Overfull \hbox (21.28879pt too wide) in paragraph at lines 24--24
 \OT1/cmr/m/sc/10 for- 
 []


Overfull \hbox (17.37769pt too wide) in paragraph at lines 24--24
 \OT1/cmr/m/sc/10 ma- 
 []


Overfull \hbox (21.42212pt too wide) in paragraph at lines 24--24
 \OT1/cmr/m/sc/10 tion 
 []


Overfull \hbox (20.59985pt too wide) in paragraph at lines 24--24
 \OT1/cmr/m/sc/10 Sys- 
 []


Overfull \hbox (23.5332pt too wide) in paragraph at lines 24--24
 \OT1/cmr/m/sc/10 tems 
 []

! Undefined control sequence.
<recently read> \large 
                       
l.25   \textsc{\large Laboratory work \#2}
                                          \\[0.5cm] % Minor heading such as ...
The control sequence at the end of the top line
of your error message was never \def'ed. If you have
misspelled it (e.g., `\hobx'), type `I' and the correct
spelling (e.g., `I\hbox'). Otherwise just continue,
and I'll forget about whatever was undefined.


Overfull \hbox (60.36636pt too wide) in paragraph at lines 25--25
 []\OT1/cmr/m/sc/10 Laboratory 
 []


Overfull \hbox (26.86656pt too wide) in paragraph at lines 25--25
 \OT1/cmr/m/sc/10 work 
 []


Overfull \hbox (14.5554pt too wide) in paragraph at lines 25--25
 \OT1/cmr/m/sc/10 #2 
 []

! Undefined control sequence.
l.35   { \LARGE
                \bfseries Modeling you project with Use Case Diagrams}\\[0.4...
The control sequence at the end of the top line
of your error message was never \def'ed. If you have
misspelled it (e.g., `\hobx'), type `I' and the correct
spelling (e.g., `I\hbox'). Otherwise just continue,
and I'll forget about whatever was undefined.


Overfull \hbox (47.17337pt too wide) in paragraph at lines 35--35
 []\OT1/cmr/bx/n/10 Modeling 
 []


Overfull \hbox (17.8888pt too wide) in paragraph at lines 35--35
 \OT1/cmr/bx/n/10 you 
 []


Overfull \hbox (35.88177pt too wide) in paragraph at lines 35--35
 \OT1/cmr/bx/n/10 project 
 []


Overfull \hbox (22.361pt too wide) in paragraph at lines 35--35
 \OT1/cmr/bx/n/10 with 
 []


Overfull \hbox (18.65405pt too wide) in paragraph at lines 35--35
 \OT1/cmr/bx/n/10 Use 
 []


Overfull \hbox (23.70262pt too wide) in paragraph at lines 35--35
 \OT1/cmr/bx/n/10 Case 
 []


Overfull \hbox (15.84714pt too wide) in paragraph at lines 35--35
 \OT1/cmr/bx/n/10 Di- 
 []


Overfull \hbox (9.42354pt too wide) in paragraph at lines 35--35
 \OT1/cmr/bx/n/10 a- 
 []


Overfull \hbox (30.19565pt too wide) in paragraph at lines 35--35
 \OT1/cmr/bx/n/10 grams 
 []

! Undefined control sequence.
l.44       \begin{flushleft} \large
                                   
The control sequence at the end of the top line
of your error message was never \def'ed. If you have
misspelled it (e.g., `\hobx'), type `I' and the correct
spelling (e.g., `I\hbox'). Otherwise just continue,
and I'll forget about whatever was undefined.

Missing character: There is no I in font nullfont!
Missing character: There is no r in font nullfont!
Missing character: There is no i in font nullfont!
Missing character: There is no n in font nullfont!
Missing character: There is no a in font nullfont!
LaTeX Font Info:    External font `cmex10' loaded for size
(Font)              <7> on input line 48.
LaTeX Font Info:    External font `cmex10' loaded for size
(Font)              <5> on input line 48.
! Undefined control sequence.
l.51       \begin{flushright} \large
                                    
The control sequence at the end of the top line
of your error message was never \def'ed. If you have
misspelled it (e.g., `\hobx'), type `I' and the correct
spelling (e.g., `I\hbox'). Otherwise just continue,
and I'll forget about whatever was undefined.

Missing character: There is no M in font nullfont!
Missing character: There is no i in font nullfont!
Missing character: There is no h in font nullfont!
Missing character: There is no a in font nullfont!
Missing character: There is no i in font nullfont!
Missing character: There is no l in font nullfont!
Missing character: There is no È in font cmcsc10!
Missing character: There is no › in font cmcsc10!

Overfull \hbox (3276.74998pt too wide) in paragraph at lines 43--55
 []$[]$ 
 []


Overfull \hbox (3276.74998pt too wide) in paragraph at lines 43--55
 []$ 
 []

! Undefined control sequence.
l.59       \large
                  ChiÈ™inÄƒu - 2017
The control sequence at the end of the top line
of your error message was never \def'ed. If you have
misspelled it (e.g., `\hobx'), type `I' and the correct
spelling (e.g., `I\hbox'). Otherwise just continue,
and I'll forget about whatever was undefined.

Missing character: There is no C in font nullfont!
Missing character: There is no h in font nullfont!
Missing character: There is no i in font nullfont!
Missing character: There is no È in font nullfont!
Missing character: There is no ™ in font nullfont!
Missing character: There is no i in font nullfont!
Missing character: There is no n in font nullfont!
Missing character: There is no Ä in font nullfont!
Missing character: There is no ƒ in font nullfont!
Missing character: There is no u in font nullfont!
Missing character: There is no - in font nullfont!
Missing character: There is no 2 in font nullfont!
Missing character: There is no 0 in font nullfont!
Missing character: There is no 1 in font nullfont!
Missing character: There is no 7 in font nullfont!

! LaTeX Error: \begin{document} ended by \end{titlepage}.

See the LaTeX manual or LaTeX Companion for explanation.
Type  H <return>  for immediate help.
 ...                                              
                                                  
l.81 \end{titlepage}
                    
Your command was ignored.
Type  I <command> <return>  to replace it with another command,
or  <return>  to continue without it.


! Package babel Error: Unknown language `english'. Either you have
(babel)                misspelled its name, it has not been installed,
(babel)                or you requested it in a previous run. Fix its name,
(babel)                install it or just rerun the file, respectively.

See the babel package documentation for explanation.
Type  H <return>  for immediate help.
 ...                                              
                                                  
l.81 \end{titlepage}
                    
You may proceed, but expect unexpected results

)
! Emergency stop.
<*> Title.tex
             
*** (job aborted, no legal \end found)

 
Here is how much of TeX's memory you used:
 21 strings out of 493029
 279 string characters out of 6136234
 55059 words of memory out of 5000000
 3655 multiletter control sequences out of 15000+600000
 4595 words of font info for 17 fonts, out of 8000000 for 9000
 1141 hyphenation exceptions out of 8191
 20i,3n,18p,135b,234s stack positions out of 5000i,500n,10000p,200000b,80000s
!  ==> Fatal error occurred, no output PDF file produced!
